0 info it worked if it ends with ok
1 verbose cli [ 'C:\\Program Files\\nodejs\\node.exe',
1 verbose cli   'C:\\Program Files\\nodejs\\node_modules\\npm\\bin\\npm-cli.js',
1 verbose cli   'run',
1 verbose cli   'test' ]
2 info using npm@3.10.10
3 info using node@v6.11.3
4 verbose run-script [ 'pretest', 'test', 'posttest' ]
5 info lifecycle kickstart@1.0.0~pretest: kickstart@1.0.0
6 silly lifecycle kickstart@1.0.0~pretest: no script for pretest, continuing
7 info lifecycle kickstart@1.0.0~test: kickstart@1.0.0
8 verbose lifecycle kickstart@1.0.0~test: unsafe-perm in lifecycle true
9 verbose lifecycle kickstart@1.0.0~test: PATH: C:\Program Files\nodejs\node_modules\npm\bin\node-gyp-bin;D:\ionic\kickstart\node_modules\.bin;C:\Users\motiv\bin;C:\Program Files\Git\mingw64\bin;C:\Program Files\Git\usr\local\bin;C:\Program Files\Git\usr\bin;C:\Program Files\Git\usr\bin;C:\Program Files\Git\mingw64\bin;C:\Program Files\Git\usr\bin;C:\Users\motiv\bin;C:\ProgramData\Oracle\Java\javapath;C:\Windows\system32;C:\Windows;C:\Windows\System32\Wbem;C:\Windows\System32\WindowsPowerShell\v1.0;C:\Program Files (x86)\NVIDIA Corporation\PhysX\Common;C:\Program Files\Git\cmd;C:\Program Files\nodejs;%SystemRoot%\system32;%SystemRoot%;%SystemRoot%\System32\Wbem;%SYSTEMROOT%\System32\WindowsPowerShell\v1.0;C:\Users\motiv\AppData\Local\Microsoft\WindowsApps;C:\Users\motiv\AppData\Roaming\npm;C:\Program Files\Git\usr\bin\vendor_perl;C:\Program Files\Git\usr\bin\core_perl
10 verbose lifecycle kickstart@1.0.0~test: CWD: D:\ionic\kickstart
11 silly lifecycle kickstart@1.0.0~test: Args: [ '/d /s /c', 'mocha' ]
12 silly lifecycle kickstart@1.0.0~test: Returned: code: 1  signal: null
13 info lifecycle kickstart@1.0.0~test: Failed to exec test script
14 verbose stack Error: kickstart@1.0.0 test: `mocha`
14 verbose stack Exit status 1
14 verbose stack     at EventEmitter.<anonymous> (C:\Program Files\nodejs\node_modules\npm\lib\utils\lifecycle.js:255:16)
14 verbose stack     at emitTwo (events.js:106:13)
14 verbose stack     at EventEmitter.emit (events.js:191:7)
14 verbose stack     at ChildProcess.<anonymous> (C:\Program Files\nodejs\node_modules\npm\lib\utils\spawn.js:40:14)
14 verbose stack     at emitTwo (events.js:106:13)
14 verbose stack     at ChildProcess.emit (events.js:191:7)
14 verbose stack     at maybeClose (internal/child_process.js:920:16)
14 verbose stack     at Process.ChildProcess._handle.onexit (internal/child_process.js:230:5)
15 verbose pkgid kickstart@1.0.0
16 verbose cwd D:\ionic\kickstart
17 error Windows_NT 10.0.16299
18 error argv "C:\\Program Files\\nodejs\\node.exe" "C:\\Program Files\\nodejs\\node_modules\\npm\\bin\\npm-cli.js" "run" "test"
19 error node v6.11.3
20 error npm  v3.10.10
21 error code ELIFECYCLE
22 error kickstart@1.0.0 test: `mocha`
22 error Exit status 1
23 error Failed at the kickstart@1.0.0 test script 'mocha'.
23 error Make sure you have the latest version of node.js and npm installed.
23 error If you do, this is most likely a problem with the kickstart package,
23 error not with npm itself.
23 error Tell the author that this fails on your system:
23 error     mocha
23 error You can get information on how to open an issue for this project with:
23 error     npm bugs kickstart
23 error Or if that isn't available, you can get their info via:
23 error     npm owner ls kickstart
23 error There is likely additional logging output above.
24 verbose exit [ 1, true ]
